-- Found ament_cmake: 1.3.12 (/opt/ros/humble/share/ament_cmake/cmake)
-- Found rclcpp: 16.0.16 (/opt/ros/humble/share/rclcpp/cmake)
-- Found rosidl_generator_c: 3.1.7 (/opt/ros/humble/share/rosidl_generator_c/cmake)
-- Found rosidl_adapter: 3.1.7 (/opt/ros/humble/share/rosidl_adapter/cmake)
-- Found rosidl_generator_cpp: 3.1.7 (/opt/ros/humble/share/rosidl_generator_cpp/cmake)
-- Using all available rosidl_typesupport_c: rosidl_typesupport_fastrtps_c;rosidl_typesupport_introspection_c
-- Using all available rosidl_typesupport_cpp: rosidl_typesupport_fastrtps_cpp;rosidl_typesupport_introspection_cpp
-- Found rmw_implementation_cmake: 6.1.2 (/opt/ros/humble/share/rmw_implementation_cmake/cmake)
-- Found rmw_fastrtps_cpp: 6.2.9 (/opt/ros/humble/share/rmw_fastrtps_cpp/cmake)
-- Using RMW implementation 'rmw_fastrtps_cpp' as default
-- Found sensor_msgs: 4.9.0 (/opt/ros/humble/share/sensor_msgs/cmake)
-- Found cv_bridge: 3.2.1 (/opt/ros/humble/share/cv_bridge/cmake)
-- Found image_transport: 3.1.12 (/opt/ros/humble/share/image_transport/cmake)
-- Found pose_msg: 0.0.0 (/home/lzs/Vision_Arena_2025/install/pose_msg/share/pose_msg/cmake)
-- Found referee_pkg: 0.0.0 (/home/lzs/Vision_Arena_2025/install/referee_pkg/share/referee_pkg/cmake)
-- Found armor_recognition_interfaces: 1.0.0 (/home/lzs/Vision_Arena_2025/install/armor_recognition_interfaces/share/armor_recognition_interfaces/cmake)
-- Configuring done
-- Generating done
-- Build files have been written to: /home/lzs/CVengers_challenge/build/cvengers_challenge
[35m[1mConsolidate compiler generated dependencies of target armor_node[0m
[ 14%] [32mBuilding CXX object CMakeFiles/train_digit_model.dir/src/train_digit_model.cpp.o[0m
[ 28%] [32mBuilding CXX object CMakeFiles/train_digit_model.dir/src/src/mlp_trainer.cpp.o[0m
[ 85%] Built target armor_node
[01m[K/home/lzs/CVengers_challenge/src/src/mlp_trainer.cpp:[m[K In member function ‘[01m[Kvoid MLPTrainer::evaluateModel(const string&)[m[K’:
[01m[K/home/lzs/CVengers_challenge/src/src/mlp_trainer.cpp:194:51:[m[K [01;35m[Kwarning: [m[Kunused parameter ‘[01m[Ktest_data_dir[m[K’ [[01;35m[K]8;;https://gcc.gnu.org/onlinedocs/gcc/Warning-Options.html#index-Wunused-parameter-Wunused-parameter]8;;[m[K]
  194 | void MLPTrainer::evaluateModel([01;35m[Kconst std::string& test_data_dir[m[K) {
      |                                [01;35m[K~~~~~~~~~~~~~~~~~~~^~~~~~~~~~~~~[m[K
[100%] [32m[1mLinking CXX executable train_digit_model[0m
[100%] Built target train_digit_model
-- Install configuration: ""
-- Installing: /home/lzs/CVengers_challenge/install/cvengers_challenge/lib/cvengers_challenge/armor_node
-- Set runtime path of "/home/lzs/CVengers_challenge/install/cvengers_challenge/lib/cvengers_challenge/armor_node" to ""
-- Up-to-date: /home/lzs/CVengers_challenge/install/cvengers_challenge/share/cvengers_challenge/launch/launch
-- Up-to-date: /home/lzs/CVengers_challenge/install/cvengers_challenge/share/cvengers_challenge/launch/launch/shooter.launch.py
-- Up-to-date: /home/lzs/CVengers_challenge/install/cvengers_challenge/share/cvengers_challenge/launch/launch/vision.launch.py
-- Up-to-date: /home/lzs/CVengers_challenge/install/cvengers_challenge/share/cvengers_challenge/config
-- Up-to-date: /home/lzs/CVengers_challenge/install/cvengers_challenge/share/cvengers_challenge/config/params.yaml
-- Up-to-date: /home/lzs/CVengers_challenge/install/cvengers_challenge/share/ament_index/resource_index/package_run_dependencies/cvengers_challenge
-- Installing: /home/lzs/CVengers_challenge/install/cvengers_challenge/share/ament_index/resource_index/parent_prefix_path/cvengers_challenge
-- Up-to-date: /home/lzs/CVengers_challenge/install/cvengers_challenge/share/cvengers_challenge/environment/ament_prefix_path.sh
-- Installing: /home/lzs/CVengers_challenge/install/cvengers_challenge/share/cvengers_challenge/environment/ament_prefix_path.dsv
-- Up-to-date: /home/lzs/CVengers_challenge/install/cvengers_challenge/share/cvengers_challenge/environment/path.sh
-- Installing: /home/lzs/CVengers_challenge/install/cvengers_challenge/share/cvengers_challenge/environment/path.dsv
-- Up-to-date: /home/lzs/CVengers_challenge/install/cvengers_challenge/share/cvengers_challenge/local_setup.bash
-- Up-to-date: /home/lzs/CVengers_challenge/install/cvengers_challenge/share/cvengers_challenge/local_setup.sh
-- Up-to-date: /home/lzs/CVengers_challenge/install/cvengers_challenge/share/cvengers_challenge/local_setup.zsh
-- Installing: /home/lzs/CVengers_challenge/install/cvengers_challenge/share/cvengers_challenge/local_setup.dsv
-- Installing: /home/lzs/CVengers_challenge/install/cvengers_challenge/share/cvengers_challenge/package.dsv
-- Up-to-date: /home/lzs/CVengers_challenge/install/cvengers_challenge/share/ament_index/resource_index/packages/cvengers_challenge
-- Up-to-date: /home/lzs/CVengers_challenge/install/cvengers_challenge/share/cvengers_challenge/cmake/ament_cmake_export_dependencies-extras.cmake
-- Up-to-date: /home/lzs/CVengers_challenge/install/cvengers_challenge/share/cvengers_challenge/cmake/cvengers_challengeConfig.cmake
-- Up-to-date: /home/lzs/CVengers_challenge/install/cvengers_challenge/share/cvengers_challenge/cmake/cvengers_challengeConfig-version.cmake
-- Up-to-date: /home/lzs/CVengers_challenge/install/cvengers_challenge/share/cvengers_challenge/package.xml
