[0.022s] Invoking command in '/home/lzs/CVengers_challenge/build/cvengers_challenge': CMAKE_PREFIX_PATH=${CMAKE_PREFIX_PATH}:/opt/ros/humble /usr/bin/cmake --build /home/lzs/CVengers_challenge/build/cvengers_challenge -- -j24 -l24
[0.102s] -- Found ament_cmake: 1.3.12 (/opt/ros/humble/share/ament_cmake/cmake)
[0.283s] -- Found rclcpp: 16.0.16 (/opt/ros/humble/share/rclcpp/cmake)
[0.384s] -- Found rosidl_generator_c: 3.1.7 (/opt/ros/humble/share/rosidl_generator_c/cmake)
[0.389s] -- Found rosidl_adapter: 3.1.7 (/opt/ros/humble/share/rosidl_adapter/cmake)
[0.402s] -- Found rosidl_generator_cpp: 3.1.7 (/opt/ros/humble/share/rosidl_generator_cpp/cmake)
[0.426s] -- Using all available rosidl_typesupport_c: rosidl_typesupport_fastrtps_c;rosidl_typesupport_introspection_c
[0.452s] -- Using all available rosidl_typesupport_cpp: rosidl_typesupport_fastrtps_cpp;rosidl_typesupport_introspection_cpp
[0.531s] -- Found rmw_implementation_cmake: 6.1.2 (/opt/ros/humble/share/rmw_implementation_cmake/cmake)
[0.535s] -- Found rmw_fastrtps_cpp: 6.2.9 (/opt/ros/humble/share/rmw_fastrtps_cpp/cmake)
[0.683s] -- Using RMW implementation 'rmw_fastrtps_cpp' as default
[0.779s] -- Found sensor_msgs: 4.9.0 (/opt/ros/humble/share/sensor_msgs/cmake)
[0.838s] -- Found cv_bridge: 3.2.1 (/opt/ros/humble/share/cv_bridge/cmake)
[0.862s] -- Found image_transport: 3.1.12 (/opt/ros/humble/share/image_transport/cmake)
[0.886s] -- Found pose_msg: 0.0.0 (/home/lzs/Vision_Arena_2025/install/pose_msg/share/pose_msg/cmake)
[0.907s] -- Found referee_pkg: 0.0.0 (/home/lzs/Vision_Arena_2025/install/referee_pkg/share/referee_pkg/cmake)
[0.927s] -- Configuring incomplete, errors occurred!
[0.927s] See also "/home/lzs/CVengers_challenge/build/cvengers_challenge/CMakeFiles/CMakeOutput.log".
[0.927s] [31mCMake Error at CMakeLists.txt:25 (find_package):
[0.927s]   By not providing "Findarmor_recognition_interfaces.cmake" in
[0.928s]   CMAKE_MODULE_PATH this project has asked CMake to find a package
[0.928s]   configuration file provided by "armor_recognition_interfaces", but CMake
[0.928s]   did not find one.
[0.928s] 
[0.928s]   Could not find a package configuration file provided by
[0.928s]   "armor_recognition_interfaces" with any of the following names:
[0.928s] 
[0.928s]     armor_recognition_interfacesConfig.cmake
[0.928s]     armor_recognition_interfaces-config.cmake
[0.928s] 
[0.928s]   Add the installation prefix of "armor_recognition_interfaces" to
[0.928s]   CMAKE_PREFIX_PATH or set "armor_recognition_interfaces_DIR" to a directory
[0.928s]   containing one of the above files.  If "armor_recognition_interfaces"
[0.928s]   provides a separate development package or SDK, be sure it has been
[0.928s]   installed.
[0.928s] 
[0.928s] [0m
[0.945s] gmake: *** [Makefile:321：cmake_check_build_system] 错误 1
[0.946s] Invoked command in '/home/lzs/CVengers_challenge/build/cvengers_challenge' returned '2': CMAKE_PREFIX_PATH=${CMAKE_PREFIX_PATH}:/opt/ros/humble /usr/bin/cmake --build /home/lzs/CVengers_challenge/build/cvengers_challenge -- -j24 -l24
