[0.025s] Invoking command in '/home/lzs/CVengers_challenge/build/cvengers_challenge': CMAKE_PREFIX_PATH=${CMAKE_PREFIX_PATH}:/opt/ros/humble /usr/bin/cmake --build /home/lzs/CVengers_challenge/build/cvengers_challenge -- -j24 -l24
[0.050s] -- Found ament_cmake: 1.3.12 (/opt/ros/humble/share/ament_cmake/cmake)
[0.184s] -- Found rclcpp: 16.0.16 (/opt/ros/humble/share/rclcpp/cmake)
[0.207s] -- Found rosidl_generator_c: 3.1.7 (/opt/ros/humble/share/rosidl_generator_c/cmake)
[0.207s] -- Found rosidl_adapter: 3.1.7 (/opt/ros/humble/share/rosidl_adapter/cmake)
[0.208s] -- Found rosidl_generator_cpp: 3.1.7 (/opt/ros/humble/share/rosidl_generator_cpp/cmake)
[0.212s] -- Using all available rosidl_typesupport_c: rosidl_typesupport_fastrtps_c;rosidl_typesupport_introspection_c
[0.218s] -- Using all available rosidl_typesupport_cpp: rosidl_typesupport_fastrtps_cpp;rosidl_typesupport_introspection_cpp
[0.235s] -- Found rmw_implementation_cmake: 6.1.2 (/opt/ros/humble/share/rmw_implementation_cmake/cmake)
[0.235s] -- Found rmw_fastrtps_cpp: 6.2.9 (/opt/ros/humble/share/rmw_fastrtps_cpp/cmake)
[0.321s] -- Using RMW implementation 'rmw_fastrtps_cpp' as default
[0.361s] -- Found sensor_msgs: 4.9.0 (/opt/ros/humble/share/sensor_msgs/cmake)
[0.375s] -- Found cv_bridge: 3.2.1 (/opt/ros/humble/share/cv_bridge/cmake)
[0.383s] -- Found image_transport: 3.1.12 (/opt/ros/humble/share/image_transport/cmake)
[0.396s] -- Found pose_msg: 0.0.0 (/home/lzs/Vision_Arena_2025/install/pose_msg/share/pose_msg/cmake)
[0.400s] -- Found referee_pkg: 0.0.0 (/home/lzs/Vision_Arena_2025/install/referee_pkg/share/referee_pkg/cmake)
[0.417s] [31mCMake Error at CMakeLists.txt:25 (find_package):
[0.417s]   By not providing "Findarmor_recognition_interfaces.cmake" in
[0.417s]   CMAKE_MODULE_PATH this project has asked CMake to find a package
[0.417s]   configuration file provided by "armor_recognition_interfaces", but CMake
[0.417s]   did not find one.
[0.418s] 
[0.418s]   Could not find a package configuration file provided by
[0.418s]   "armor_recognition_interfaces" with any of the following names:
[0.418s] 
[0.418s]     armor_recognition_interfacesConfig.cmake
[0.418s]     armor_recognition_interfaces-config.cmake
[0.418s] 
[0.418s]   Add the installation prefix of "armor_recognition_interfaces" to
[0.418s]   CMAKE_PREFIX_PATH or set "armor_recognition_interfaces_DIR" to a directory
[0.418s]   containing one of the above files.  If "armor_recognition_interfaces"
[0.418s]   provides a separate development package or SDK, be sure it has been
[0.418s]   installed.
[0.418s] 
[0.418s] [0m
[0.418s] -- Configuring incomplete, errors occurred!
[0.418s] See also "/home/lzs/CVengers_challenge/build/cvengers_challenge/CMakeFiles/CMakeOutput.log".
[0.430s] gmake: *** [Makefile:321：cmake_check_build_system] 错误 1
[0.435s] Invoked command in '/home/lzs/CVengers_challenge/build/cvengers_challenge' returned '2': CMAKE_PREFIX_PATH=${CMAKE_PREFIX_PATH}:/opt/ros/humble /usr/bin/cmake --build /home/lzs/CVengers_challenge/build/cvengers_challenge -- -j24 -l24
