[0.006s] Invoking command in '/home/lzs/CVengers_challenge/build/cvengers_challenge': CMAKE_PREFIX_PATH=${CMAKE_PREFIX_PATH}:/opt/ros/humble /usr/bin/cmake --build /home/lzs/CVengers_challenge/build/cvengers_challenge -- -j24 -l24
[0.040s] -- Found ament_cmake: 1.3.12 (/opt/ros/humble/share/ament_cmake/cmake)
[0.153s] -- Found rclcpp: 16.0.16 (/opt/ros/humble/share/rclcpp/cmake)
[0.175s] -- Found rosidl_generator_c: 3.1.7 (/opt/ros/humble/share/rosidl_generator_c/cmake)
[0.175s] -- Found rosidl_adapter: 3.1.7 (/opt/ros/humble/share/rosidl_adapter/cmake)
[0.175s] -- Found rosidl_generator_cpp: 3.1.7 (/opt/ros/humble/share/rosidl_generator_cpp/cmake)
[0.178s] -- Using all available rosidl_typesupport_c: rosidl_typesupport_fastrtps_c;rosidl_typesupport_introspection_c
[0.187s] -- Using all available rosidl_typesupport_cpp: rosidl_typesupport_fastrtps_cpp;rosidl_typesupport_introspection_cpp
[0.210s] -- Found rmw_implementation_cmake: 6.1.2 (/opt/ros/humble/share/rmw_implementation_cmake/cmake)
[0.210s] -- Found rmw_fastrtps_cpp: 6.2.9 (/opt/ros/humble/share/rmw_fastrtps_cpp/cmake)
[0.296s] -- Using RMW implementation 'rmw_fastrtps_cpp' as default
[0.323s] -- Found sensor_msgs: 4.9.0 (/opt/ros/humble/share/sensor_msgs/cmake)
[0.335s] -- Found cv_bridge: 3.2.1 (/opt/ros/humble/share/cv_bridge/cmake)
[0.341s] -- Found image_transport: 3.1.12 (/opt/ros/humble/share/image_transport/cmake)
[0.357s] -- Found pose_msg: 0.0.0 (/home/lzs/Vision_Arena_2025/install/pose_msg/share/pose_msg/cmake)
[0.370s] -- Found referee_pkg: 0.0.0 (/home/lzs/Vision_Arena_2025/install/referee_pkg/share/referee_pkg/cmake)
[0.374s] -- Configuring incomplete, errors occurred!
[0.374s] See also "/home/lzs/CVengers_challenge/build/cvengers_challenge/CMakeFiles/CMakeOutput.log".
[0.375s] [31mCMake Error at CMakeLists.txt:28 (find_package):
[0.375s]   Could not find a package configuration file provided by "Torch" with any of
[0.376s]   the following names:
[0.376s] 
[0.376s]     TorchConfig.cmake
[0.376s]     torch-config.cmake
[0.376s] 
[0.376s]   Add the installation prefix of "Torch" to CMAKE_PREFIX_PATH or set
[0.376s]   "Torch_DIR" to a directory containing one of the above files.  If "Torch"
[0.376s]   provides a separate development package or SDK, be sure it has been
[0.376s]   installed.
[0.376s] 
[0.376s] [0m
[0.382s] gmake: *** [Makefile:321：cmake_check_build_system] 错误 1
[0.386s] Invoked command in '/home/lzs/CVengers_challenge/build/cvengers_challenge' returned '2': CMAKE_PREFIX_PATH=${CMAKE_PREFIX_PATH}:/opt/ros/humble /usr/bin/cmake --build /home/lzs/CVengers_challenge/build/cvengers_challenge -- -j24 -l24
