[0.013s] Invoking command in '/home/lzs/CVengers_challenge/build/cvengers_challenge': CMAKE_PREFIX_PATH=${CMAKE_PREFIX_PATH}:/opt/ros/humble /usr/bin/cmake --build /home/lzs/CVengers_challenge/build/cvengers_challenge -- -j24 -l24
[0.102s] [35m[1mConsolidate compiler generated dependencies of target armor_node[0m
[0.180s] [ 14%] [32mBuilding CXX object CMakeFiles/armor_node.dir/src/vision_node.cpp.o[0m
[21.563s] [ 28%] [32m[1mLinking CXX executable armor_node[0m
[25.338s] [ 71%] Built target armor_node
[25.408s] [100%] Built target train_digit_model_cpp
[25.430s] Invoked command in '/home/lzs/CVengers_challenge/build/cvengers_challenge' returned '0': CMAKE_PREFIX_PATH=${CMAKE_PREFIX_PATH}:/opt/ros/humble /usr/bin/cmake --build /home/lzs/CVengers_challenge/build/cvengers_challenge -- -j24 -l24
[25.446s] Invoking command in '/home/lzs/CVengers_challenge/build/cvengers_challenge': CMAKE_PREFIX_PATH=${CMAKE_PREFIX_PATH}:/opt/ros/humble /usr/bin/cmake --install /home/lzs/CVengers_challenge/build/cvengers_challenge
[25.464s] -- Install configuration: ""
[25.464s] -- Installing: /home/lzs/CVengers_challenge/install/cvengers_challenge/lib/cvengers_challenge/armor_node
[25.465s] -- Set runtime path of "/home/lzs/CVengers_challenge/install/cvengers_challenge/lib/cvengers_challenge/armor_node" to ""
[25.465s] -- Up-to-date: /home/lzs/CVengers_challenge/install/cvengers_challenge/lib/cvengers_challenge/train_digit_model_cpp
[25.465s] -- Up-to-date: /home/lzs/CVengers_challenge/install/cvengers_challenge/share/cvengers_challenge/launch/launch
[25.465s] -- Up-to-date: /home/lzs/CVengers_challenge/install/cvengers_challenge/share/cvengers_challenge/launch/launch/shooter.launch.py
[25.465s] -- Up-to-date: /home/lzs/CVengers_challenge/install/cvengers_challenge/share/cvengers_challenge/launch/launch/vision.launch.py
[25.465s] -- Up-to-date: /home/lzs/CVengers_challenge/install/cvengers_challenge/share/cvengers_challenge/config
[25.465s] -- Up-to-date: /home/lzs/CVengers_challenge/install/cvengers_challenge/share/cvengers_challenge/config/params.yaml
[25.465s] -- Up-to-date: /home/lzs/CVengers_challenge/install/cvengers_challenge/share/ament_index/resource_index/package_run_dependencies/cvengers_challenge
[25.465s] -- Up-to-date: /home/lzs/CVengers_challenge/install/cvengers_challenge/share/ament_index/resource_index/parent_prefix_path/cvengers_challenge
[25.466s] -- Up-to-date: /home/lzs/CVengers_challenge/install/cvengers_challenge/share/cvengers_challenge/environment/ament_prefix_path.sh
[25.466s] -- Up-to-date: /home/lzs/CVengers_challenge/install/cvengers_challenge/share/cvengers_challenge/environment/ament_prefix_path.dsv
[25.466s] -- Up-to-date: /home/lzs/CVengers_challenge/install/cvengers_challenge/share/cvengers_challenge/environment/path.sh
[25.466s] -- Up-to-date: /home/lzs/CVengers_challenge/install/cvengers_challenge/share/cvengers_challenge/environment/path.dsv
[25.466s] -- Up-to-date: /home/lzs/CVengers_challenge/install/cvengers_challenge/share/cvengers_challenge/local_setup.bash
[25.466s] -- Up-to-date: /home/lzs/CVengers_challenge/install/cvengers_challenge/share/cvengers_challenge/local_setup.sh
[25.466s] -- Up-to-date: /home/lzs/CVengers_challenge/install/cvengers_challenge/share/cvengers_challenge/local_setup.zsh
[25.466s] -- Up-to-date: /home/lzs/CVengers_challenge/install/cvengers_challenge/share/cvengers_challenge/local_setup.dsv
[25.466s] -- Installing: /home/lzs/CVengers_challenge/install/cvengers_challenge/share/cvengers_challenge/package.dsv
[25.467s] -- Up-to-date: /home/lzs/CVengers_challenge/install/cvengers_challenge/share/ament_index/resource_index/packages/cvengers_challenge
[25.467s] -- Up-to-date: /home/lzs/CVengers_challenge/install/cvengers_challenge/share/cvengers_challenge/cmake/ament_cmake_export_dependencies-extras.cmake
[25.467s] -- Up-to-date: /home/lzs/CVengers_challenge/install/cvengers_challenge/share/cvengers_challenge/cmake/cvengers_challengeConfig.cmake
[25.467s] -- Up-to-date: /home/lzs/CVengers_challenge/install/cvengers_challenge/share/cvengers_challenge/cmake/cvengers_challengeConfig-version.cmake
[25.467s] -- Up-to-date: /home/lzs/CVengers_challenge/install/cvengers_challenge/share/cvengers_challenge/package.xml
[25.472s] Invoked command in '/home/lzs/CVengers_challenge/build/cvengers_challenge' returned '0': CMAKE_PREFIX_PATH=${CMAKE_PREFIX_PATH}:/opt/ros/humble /usr/bin/cmake --install /home/lzs/CVengers_challenge/build/cvengers_challenge
