[0.006s] Invoking command in '/home/lzs/CVengers_challenge/build/cvengers_challenge': CMAKE_PREFIX_PATH=${CMAKE_PREFIX_PATH}:/opt/ros/humble /usr/bin/cmake --build /home/lzs/CVengers_challenge/build/cvengers_challenge -- -j24 -l24
[0.066s] [35m[1mConsolidate compiler generated dependencies of target armor_node[0m
[0.100s] [ 25%] [32mBuilding CXX object CMakeFiles/armor_node.dir/src/vision_node.cpp.o[0m
[7.898s] [ 50%] [32mBuilding CXX object CMakeFiles/armor_node.dir/src/src/armor_detector.cpp.o[0m
[12.254s] [ 75%] [32m[1mLinking CXX executable armor_node[0m
[14.004s] [100%] Built target armor_node
[14.031s] Invoked command in '/home/lzs/CVengers_challenge/build/cvengers_challenge' returned '0': CMAKE_PREFIX_PATH=${CMAKE_PREFIX_PATH}:/opt/ros/humble /usr/bin/cmake --build /home/lzs/CVengers_challenge/build/cvengers_challenge -- -j24 -l24
[14.042s] Invoking command in '/home/lzs/CVengers_challenge/build/cvengers_challenge': CMAKE_PREFIX_PATH=${CMAKE_PREFIX_PATH}:/opt/ros/humble /usr/bin/cmake --install /home/lzs/CVengers_challenge/build/cvengers_challenge
[14.048s] -- Install configuration: ""
[14.048s] -- Installing: /home/lzs/CVengers_challenge/install/cvengers_challenge/lib/cvengers_challenge/armor_node
[14.051s] -- Set runtime path of "/home/lzs/CVengers_challenge/install/cvengers_challenge/lib/cvengers_challenge/armor_node" to ""
[14.051s] -- Up-to-date: /home/lzs/CVengers_challenge/install/cvengers_challenge/share/cvengers_challenge/launch/launch
[14.051s] -- Up-to-date: /home/lzs/CVengers_challenge/install/cvengers_challenge/share/cvengers_challenge/launch/launch/shooter.launch.py
[14.051s] -- Up-to-date: /home/lzs/CVengers_challenge/install/cvengers_challenge/share/cvengers_challenge/launch/launch/vision.launch.py
[14.051s] -- Up-to-date: /home/lzs/CVengers_challenge/install/cvengers_challenge/share/cvengers_challenge/config
[14.051s] -- Up-to-date: /home/lzs/CVengers_challenge/install/cvengers_challenge/share/cvengers_challenge/config/params.yaml
[14.051s] -- Up-to-date: /home/lzs/CVengers_challenge/install/cvengers_challenge/share/ament_index/resource_index/package_run_dependencies/cvengers_challenge
[14.051s] -- Up-to-date: /home/lzs/CVengers_challenge/install/cvengers_challenge/share/ament_index/resource_index/parent_prefix_path/cvengers_challenge
[14.051s] -- Up-to-date: /home/lzs/CVengers_challenge/install/cvengers_challenge/share/cvengers_challenge/environment/ament_prefix_path.sh
[14.051s] -- Up-to-date: /home/lzs/CVengers_challenge/install/cvengers_challenge/share/cvengers_challenge/environment/ament_prefix_path.dsv
[14.051s] -- Up-to-date: /home/lzs/CVengers_challenge/install/cvengers_challenge/share/cvengers_challenge/environment/path.sh
[14.051s] -- Up-to-date: /home/lzs/CVengers_challenge/install/cvengers_challenge/share/cvengers_challenge/environment/path.dsv
[14.051s] -- Up-to-date: /home/lzs/CVengers_challenge/install/cvengers_challenge/share/cvengers_challenge/local_setup.bash
[14.051s] -- Up-to-date: /home/lzs/CVengers_challenge/install/cvengers_challenge/share/cvengers_challenge/local_setup.sh
[14.051s] -- Up-to-date: /home/lzs/CVengers_challenge/install/cvengers_challenge/share/cvengers_challenge/local_setup.zsh
[14.051s] -- Up-to-date: /home/lzs/CVengers_challenge/install/cvengers_challenge/share/cvengers_challenge/local_setup.dsv
[14.051s] -- Installing: /home/lzs/CVengers_challenge/install/cvengers_challenge/share/cvengers_challenge/package.dsv
[14.051s] -- Up-to-date: /home/lzs/CVengers_challenge/install/cvengers_challenge/share/ament_index/resource_index/packages/cvengers_challenge
[14.051s] -- Up-to-date: /home/lzs/CVengers_challenge/install/cvengers_challenge/share/cvengers_challenge/cmake/ament_cmake_export_dependencies-extras.cmake
[14.051s] -- Up-to-date: /home/lzs/CVengers_challenge/install/cvengers_challenge/share/cvengers_challenge/cmake/cvengers_challengeConfig.cmake
[14.051s] -- Up-to-date: /home/lzs/CVengers_challenge/install/cvengers_challenge/share/cvengers_challenge/cmake/cvengers_challengeConfig-version.cmake
[14.051s] -- Up-to-date: /home/lzs/CVengers_challenge/install/cvengers_challenge/share/cvengers_challenge/package.xml
[14.056s] Invoked command in '/home/lzs/CVengers_challenge/build/cvengers_challenge' returned '0': CMAKE_PREFIX_PATH=${CMAKE_PREFIX_PATH}:/opt/ros/humble /usr/bin/cmake --install /home/lzs/CVengers_challenge/build/cvengers_challenge
