-- Found ament_cmake: 1.3.12 (/opt/ros/humble/share/ament_cmake/cmake)
-- Found rclcpp: 16.0.16 (/opt/ros/humble/share/rclcpp/cmake)
-- Found rosidl_generator_c: 3.1.7 (/opt/ros/humble/share/rosidl_generator_c/cmake)
-- Found rosidl_adapter: 3.1.7 (/opt/ros/humble/share/rosidl_adapter/cmake)
-- Found rosidl_generator_cpp: 3.1.7 (/opt/ros/humble/share/rosidl_generator_cpp/cmake)
-- Using all available rosidl_typesupport_c: rosidl_typesupport_fastrtps_c;rosidl_typesupport_introspection_c
-- Using all available rosidl_typesupport_cpp: rosidl_typesupport_fastrtps_cpp;rosidl_typesupport_introspection_cpp
-- Found rmw_implementation_cmake: 6.1.2 (/opt/ros/humble/share/rmw_implementation_cmake/cmake)
-- Found rmw_fastrtps_cpp: 6.2.9 (/opt/ros/humble/share/rmw_fastrtps_cpp/cmake)
-- Using RMW implementation 'rmw_fastrtps_cpp' as default
-- Found sensor_msgs: 4.9.0 (/opt/ros/humble/share/sensor_msgs/cmake)
-- Found cv_bridge: 3.2.1 (/opt/ros/humble/share/cv_bridge/cmake)
-- Found image_transport: 3.1.12 (/opt/ros/humble/share/image_transport/cmake)
-- Found pose_msg: 0.0.0 (/home/lzs/Vision_Arena_2025/install/pose_msg/share/pose_msg/cmake)
-- Found referee_pkg: 0.0.0 (/home/lzs/Vision_Arena_2025/install/referee_pkg/share/referee_pkg/cmake)
-- Found armor_recognition_interfaces: 1.0.0 (/home/lzs/Vision_Arena_2025/install/armor_recognition_interfaces/share/armor_recognition_interfaces/cmake)
-- LibTorch found at: /home/lzs/Vision_Arena_2025/libtorch
-- Configuring done
-- Generating done
-- Build files have been written to: /home/lzs/CVengers_challenge/build/cvengers_challenge
[35m[1mConsolidate compiler generated dependencies of target train_digit_model_cpp[0m
[35m[1mConsolidate compiler generated dependencies of target armor_node[0m
[ 28%] Built target train_digit_model_cpp
[ 42%] [32mBuilding CXX object CMakeFiles/armor_node.dir/src/src/libtorch_digit_recognizer.cpp.o[0m
[ 57%] [32m[1mLinking CXX executable armor_node[0m
