[0.006s] Invoking command in '/home/lzs/CVengers_challenge/build/cvengers_challenge': CMAKE_PREFIX_PATH=${CMAKE_PREFIX_PATH}:/opt/ros/humble /usr/bin/cmake /home/lzs/CVengers_challenge -DLIBTORCH_HOME=/home/lzs/Vision_Arena_2025/libtorch -DTorch_DIR=/home/lzs/Vision_Arena_2025/libtorch/share/cmake/Torch -DCMAKE_INSTALL_PREFIX=/home/lzs/CVengers_challenge/install/cvengers_challenge
[0.012s] -- Found ament_cmake: 1.3.12 (/opt/ros/humble/share/ament_cmake/cmake)
[0.075s] -- Found rclcpp: 16.0.16 (/opt/ros/humble/share/rclcpp/cmake)
[0.087s] -- Found rosidl_generator_c: 3.1.7 (/opt/ros/humble/share/rosidl_generator_c/cmake)
[0.088s] -- Found rosidl_adapter: 3.1.7 (/opt/ros/humble/share/rosidl_adapter/cmake)
[0.090s] -- Found rosidl_generator_cpp: 3.1.7 (/opt/ros/humble/share/rosidl_generator_cpp/cmake)
[0.094s] -- Using all available rosidl_typesupport_c: rosidl_typesupport_fastrtps_c;rosidl_typesupport_introspection_c
[0.099s] -- Using all available rosidl_typesupport_cpp: rosidl_typesupport_fastrtps_cpp;rosidl_typesupport_introspection_cpp
[0.112s] -- Found rmw_implementation_cmake: 6.1.2 (/opt/ros/humble/share/rmw_implementation_cmake/cmake)
[0.112s] -- Found rmw_fastrtps_cpp: 6.2.9 (/opt/ros/humble/share/rmw_fastrtps_cpp/cmake)
[0.166s] -- Using RMW implementation 'rmw_fastrtps_cpp' as default
[0.186s] -- Found sensor_msgs: 4.9.0 (/opt/ros/humble/share/sensor_msgs/cmake)
[0.198s] -- Found cv_bridge: 3.2.1 (/opt/ros/humble/share/cv_bridge/cmake)
[0.203s] -- Found image_transport: 3.1.12 (/opt/ros/humble/share/image_transport/cmake)
[0.213s] -- Found pose_msg: 0.0.0 (/home/lzs/Vision_Arena_2025/install/pose_msg/share/pose_msg/cmake)
[0.219s] -- Found referee_pkg: 0.0.0 (/home/lzs/Vision_Arena_2025/install/referee_pkg/share/referee_pkg/cmake)
[0.224s] -- Found armor_recognition_interfaces: 1.0.0 (/home/lzs/Vision_Arena_2025/install/armor_recognition_interfaces/share/armor_recognition_interfaces/cmake)
[0.254s] -- Found Torch: /home/lzs/Vision_Arena_2025/libtorch/lib/libtorch.so  
[0.256s] [31mCMake Error at /opt/ros/humble/share/ament_cmake_target_dependencies/cmake/ament_target_dependencies.cmake:77 (message):
[0.256s]   ament_target_dependencies() the passed package name 'torch' was not found
[0.256s]   before
[0.256s] Call Stack (most recent call first):
[0.256s]   CMakeLists.txt:87 (ament_target_dependencies)
[0.256s] 
[0.256s] [0m
[0.256s] -- Configuring incomplete, errors occurred!
[0.256s] See also "/home/lzs/CVengers_challenge/build/cvengers_challenge/CMakeFiles/CMakeOutput.log".
[0.261s] Invoked command in '/home/lzs/CVengers_challenge/build/cvengers_challenge' returned '1': CMAKE_PREFIX_PATH=${CMAKE_PREFIX_PATH}:/opt/ros/humble /usr/bin/cmake /home/lzs/CVengers_challenge -DLIBTORCH_HOME=/home/lzs/Vision_Arena_2025/libtorch -DTorch_DIR=/home/lzs/Vision_Arena_2025/libtorch/share/cmake/Torch -DCMAKE_INSTALL_PREFIX=/home/lzs/CVengers_challenge/install/cvengers_challenge
