[0.042s] DEBUG:colcon:Command line arguments: ['/usr/bin/colcon', 'build']
[0.043s] DEBUG:colcon:Parsed command line arguments: Namespace(log_base=None, log_level=None, verb_name='build', build_base='build', install_base='install', merge_install=False, symlink_install=False, test_result_base=None, continue_on_error=False, executor='parallel', parallel_workers=24, event_handlers=None, ignore_user_meta=False, metas=['./colcon.meta'], base_paths=['.'], packages_ignore=None, packages_ignore_regex=None, paths=None, packages_up_to=None, packages_up_to_regex=None, packages_above=None, packages_above_and_dependencies=None, packages_above_depth=None, packages_select_by_dep=None, packages_skip_by_dep=None, packages_skip_up_to=None, packages_select_build_failed=False, packages_skip_build_finished=False, packages_select_test_failures=False, packages_skip_test_passed=False, packages_select=None, packages_skip=None, packages_select_regex=None, packages_skip_regex=None, packages_start=None, packages_end=None, allow_overriding=[], cmake_args=None, cmake_target=None, cmake_target_skip_unavailable=False, cmake_clean_cache=False, cmake_clean_first=False, cmake_force_configure=False, ament_cmake_args=None, catkin_cmake_args=None, catkin_skip_building_tests=False, mixin_files=None, mixin=None, verb_parser=<colcon_mixin.mixin.mixin_argument.MixinArgumentDecorator object at 0x7aa27f462410>, verb_extension=<colcon_core.verb.build.BuildVerb object at 0x7aa27f461ed0>, main=<bound method BuildVerb.main of <colcon_core.verb.build.BuildVerb object at 0x7aa27f461ed0>>, mixin_verb=('build',))
[0.102s] Level 1:colcon.colcon_core.package_discovery:discover_packages(colcon_meta) check parameters
[0.102s] Level 1:colcon.colcon_core.package_discovery:discover_packages(recursive) check parameters
[0.102s] Level 1:colcon.colcon_core.package_discovery:discover_packages(ignore) check parameters
[0.102s] Level 1:colcon.colcon_core.package_discovery:discover_packages(path) check parameters
[0.102s] Level 1:colcon.colcon_core.package_discovery:discover_packages(colcon_meta) discover
[0.102s] Level 1:colcon.colcon_core.package_discovery:discover_packages(recursive) discover
[0.102s] INFO:colcon.colcon_core.package_discovery:Crawling recursively for packages in '/home/lzs/CVengers_challenge'
[0.102s] Level 1:colcon.colcon_core.package_identification:_identify(.) by extensions ['ignore', 'ignore_ament_install']
[0.102s] Level 1:colcon.colcon_core.package_identification:_identify(.) by extension 'ignore'
[0.102s] Level 1:colcon.colcon_core.package_identification:_identify(.) by extension 'ignore_ament_install'
[0.102s] Level 1:colcon.colcon_core.package_identification:_identify(.) by extensions ['colcon_pkg']
[0.102s] Level 1:colcon.colcon_core.package_identification:_identify(.) by extension 'colcon_pkg'
[0.102s] Level 1:colcon.colcon_core.package_identification:_identify(.) by extensions ['colcon_meta']
[0.102s] Level 1:colcon.colcon_core.package_identification:_identify(.) by extension 'colcon_meta'
[0.102s] Level 1:colcon.colcon_core.package_identification:_identify(.) by extensions ['ros']
[0.102s] Level 1:colcon.colcon_core.package_identification:_identify(.) by extension 'ros'
[0.108s] DEBUG:colcon.colcon_core.package_identification:Package '.' with type 'ros.ament_cmake' and name 'cvengers_challenge'
[0.108s] Level 1:colcon.colcon_core.package_discovery:discover_packages(recursive) using defaults
[0.108s] Level 1:colcon.colcon_core.package_discovery:discover_packages(ignore) discover
[0.108s] Level 1:colcon.colcon_core.package_discovery:discover_packages(ignore) using defaults
[0.108s] Level 1:colcon.colcon_core.package_discovery:discover_packages(path) discover
[0.108s] Level 1:colcon.colcon_core.package_discovery:discover_packages(path) using defaults
[0.120s] Level 1:colcon.colcon_core.package_discovery:discover_packages(prefix_path) check parameters
[0.120s] Level 1:colcon.colcon_core.package_discovery:discover_packages(prefix_path) discover
[0.121s] DEBUG:colcon.colcon_installed_package_information.package_discovery:Found 3 installed packages in /home/lzs/fastdds_ws/install
[0.121s] DEBUG:colcon.colcon_installed_package_information.package_discovery:Found 379 installed packages in /opt/ros/humble
[0.122s] Level 1:colcon.colcon_core.package_discovery:discover_packages(prefix_path) using defaults
[0.138s] Level 5:colcon.colcon_core.verb:set package 'cvengers_challenge' build argument 'cmake_args' from command line to 'None'
[0.138s] Level 5:colcon.colcon_core.verb:set package 'cvengers_challenge' build argument 'cmake_target' from command line to 'None'
[0.138s] Level 5:colcon.colcon_core.verb:set package 'cvengers_challenge' build argument 'cmake_target_skip_unavailable' from command line to 'False'
[0.138s] Level 5:colcon.colcon_core.verb:set package 'cvengers_challenge' build argument 'cmake_clean_cache' from command line to 'False'
[0.138s] Level 5:colcon.colcon_core.verb:set package 'cvengers_challenge' build argument 'cmake_clean_first' from command line to 'False'
[0.138s] Level 5:colcon.colcon_core.verb:set package 'cvengers_challenge' build argument 'cmake_force_configure' from command line to 'False'
[0.138s] Level 5:colcon.colcon_core.verb:set package 'cvengers_challenge' build argument 'ament_cmake_args' from command line to 'None'
[0.138s] Level 5:colcon.colcon_core.verb:set package 'cvengers_challenge' build argument 'catkin_cmake_args' from command line to 'None'
[0.138s] Level 5:colcon.colcon_core.verb:set package 'cvengers_challenge' build argument 'catkin_skip_building_tests' from command line to 'False'
[0.138s] DEBUG:colcon.colcon_core.verb:Building package 'cvengers_challenge' with the following arguments: {'ament_cmake_args': None, 'build_base': '/home/lzs/CVengers_challenge/build/cvengers_challenge', 'catkin_cmake_args': None, 'catkin_skip_building_tests': False, 'cmake_args': None, 'cmake_clean_cache': False, 'cmake_clean_first': False, 'cmake_force_configure': False, 'cmake_target': None, 'cmake_target_skip_unavailable': False, 'install_base': '/home/lzs/CVengers_challenge/install/cvengers_challenge', 'merge_install': False, 'path': '/home/lzs/CVengers_challenge', 'symlink_install': False, 'test_result_base': None}
[0.138s] INFO:colcon.colcon_core.executor:Executing jobs using 'parallel' executor
[0.139s] DEBUG:colcon.colcon_parallel_executor.executor.parallel:run_until_complete
[0.139s] INFO:colcon.colcon_ros.task.ament_cmake.build:Building ROS package in '/home/lzs/CVengers_challenge' with build type 'ament_cmake'
[0.139s] INFO:colcon.colcon_cmake.task.cmake.build:Building CMake package in '/home/lzs/CVengers_challenge'
[0.140s] INFO:colcon.colcon_core.plugin_system:Skipping extension 'colcon_core.shell.bat': Not used on non-Windows systems
[0.140s] INFO:colcon.colcon_core.shell:Skip shell extension 'powershell' for command environment: Not usable outside of PowerShell
[0.140s] DEBUG:colcon.colcon_core.shell:Skip shell extension 'dsv' for command environment
[0.145s] DEBUG:colcon.colcon_core.event_handler.log_command:Invoking command in '/home/lzs/CVengers_challenge/build/cvengers_challenge': CMAKE_PREFIX_PATH=${CMAKE_PREFIX_PATH}:/opt/ros/humble /usr/bin/cmake --build /home/lzs/CVengers_challenge/build/cvengers_challenge -- -j24 -l24
[5.512s] DEBUG:colcon.colcon_core.event_handler.log_command:Invoked command in '/home/lzs/CVengers_challenge/build/cvengers_challenge' returned '0': CMAKE_PREFIX_PATH=${CMAKE_PREFIX_PATH}:/opt/ros/humble /usr/bin/cmake --build /home/lzs/CVengers_challenge/build/cvengers_challenge -- -j24 -l24
[5.518s] DEBUG:colcon.colcon_core.event_handler.log_command:Invoking command in '/home/lzs/CVengers_challenge/build/cvengers_challenge': CMAKE_PREFIX_PATH=${CMAKE_PREFIX_PATH}:/opt/ros/humble /usr/bin/cmake --install /home/lzs/CVengers_challenge/build/cvengers_challenge
[5.526s] Level 1:colcon.colcon_core.environment:create_environment_scripts_only(cvengers_challenge)
[5.527s] DEBUG:colcon.colcon_core.event_handler.log_command:Invoked command in '/home/lzs/CVengers_challenge/build/cvengers_challenge' returned '0': CMAKE_PREFIX_PATH=${CMAKE_PREFIX_PATH}:/opt/ros/humble /usr/bin/cmake --install /home/lzs/CVengers_challenge/build/cvengers_challenge
[5.529s] Level 1:colcon.colcon_core.environment:checking '/home/lzs/CVengers_challenge/install/cvengers_challenge' for CMake module files
[5.530s] Level 1:colcon.colcon_core.environment:checking '/home/lzs/CVengers_challenge/install/cvengers_challenge' for CMake config files
[5.530s] Level 1:colcon.colcon_core.shell:create_environment_hook('cvengers_challenge', 'cmake_prefix_path')
[5.530s] INFO:colcon.colcon_core.shell:Creating environment hook '/home/lzs/CVengers_challenge/install/cvengers_challenge/share/cvengers_challenge/hook/cmake_prefix_path.ps1'
[5.530s] INFO:colcon.colcon_core.shell:Creating environment descriptor '/home/lzs/CVengers_challenge/install/cvengers_challenge/share/cvengers_challenge/hook/cmake_prefix_path.dsv'
[5.531s] INFO:colcon.colcon_core.shell:Creating environment hook '/home/lzs/CVengers_challenge/install/cvengers_challenge/share/cvengers_challenge/hook/cmake_prefix_path.sh'
[5.531s] Level 1:colcon.colcon_core.environment:checking '/home/lzs/CVengers_challenge/install/cvengers_challenge/lib'
[5.531s] Level 1:colcon.colcon_core.environment:checking '/home/lzs/CVengers_challenge/install/cvengers_challenge/bin'
[5.531s] Level 1:colcon.colcon_core.environment:checking '/home/lzs/CVengers_challenge/install/cvengers_challenge/lib/pkgconfig/cvengers_challenge.pc'
[5.531s] Level 1:colcon.colcon_core.environment:checking '/home/lzs/CVengers_challenge/install/cvengers_challenge/lib/python3.10/site-packages'
[5.531s] Level 1:colcon.colcon_core.environment:checking '/home/lzs/CVengers_challenge/install/cvengers_challenge/bin'
[5.532s] INFO:colcon.colcon_core.shell:Creating package script '/home/lzs/CVengers_challenge/install/cvengers_challenge/share/cvengers_challenge/package.ps1'
[5.532s] INFO:colcon.colcon_core.shell:Creating package descriptor '/home/lzs/CVengers_challenge/install/cvengers_challenge/share/cvengers_challenge/package.dsv'
[5.532s] INFO:colcon.colcon_core.shell:Creating package script '/home/lzs/CVengers_challenge/install/cvengers_challenge/share/cvengers_challenge/package.sh'
[5.532s] INFO:colcon.colcon_core.shell:Creating package script '/home/lzs/CVengers_challenge/install/cvengers_challenge/share/cvengers_challenge/package.bash'
[5.532s] INFO:colcon.colcon_core.shell:Creating package script '/home/lzs/CVengers_challenge/install/cvengers_challenge/share/cvengers_challenge/package.zsh'
[5.533s] Level 1:colcon.colcon_core.environment:create_file_with_runtime_dependencies(/home/lzs/CVengers_challenge/install/cvengers_challenge/share/colcon-core/packages/cvengers_challenge)
[5.533s] Level 1:colcon.colcon_core.environment:create_environment_scripts_only(cvengers_challenge)
[5.533s] Level 1:colcon.colcon_core.environment:checking '/home/lzs/CVengers_challenge/install/cvengers_challenge' for CMake module files
[5.533s] Level 1:colcon.colcon_core.environment:checking '/home/lzs/CVengers_challenge/install/cvengers_challenge' for CMake config files
[5.533s] Level 1:colcon.colcon_core.shell:create_environment_hook('cvengers_challenge', 'cmake_prefix_path')
[5.533s] INFO:colcon.colcon_core.shell:Creating environment hook '/home/lzs/CVengers_challenge/install/cvengers_challenge/share/cvengers_challenge/hook/cmake_prefix_path.ps1'
[5.533s] INFO:colcon.colcon_core.shell:Creating environment descriptor '/home/lzs/CVengers_challenge/install/cvengers_challenge/share/cvengers_challenge/hook/cmake_prefix_path.dsv'
[5.534s] INFO:colcon.colcon_core.shell:Creating environment hook '/home/lzs/CVengers_challenge/install/cvengers_challenge/share/cvengers_challenge/hook/cmake_prefix_path.sh'
[5.534s] Level 1:colcon.colcon_core.environment:checking '/home/lzs/CVengers_challenge/install/cvengers_challenge/lib'
[5.534s] Level 1:colcon.colcon_core.environment:checking '/home/lzs/CVengers_challenge/install/cvengers_challenge/bin'
[5.534s] Level 1:colcon.colcon_core.environment:checking '/home/lzs/CVengers_challenge/install/cvengers_challenge/lib/pkgconfig/cvengers_challenge.pc'
[5.534s] Level 1:colcon.colcon_core.environment:checking '/home/lzs/CVengers_challenge/install/cvengers_challenge/lib/python3.10/site-packages'
[5.534s] Level 1:colcon.colcon_core.environment:checking '/home/lzs/CVengers_challenge/install/cvengers_challenge/bin'
[5.534s] INFO:colcon.colcon_core.shell:Creating package script '/home/lzs/CVengers_challenge/install/cvengers_challenge/share/cvengers_challenge/package.ps1'
[5.534s] INFO:colcon.colcon_core.shell:Creating package descriptor '/home/lzs/CVengers_challenge/install/cvengers_challenge/share/cvengers_challenge/package.dsv'
[5.534s] INFO:colcon.colcon_core.shell:Creating package script '/home/lzs/CVengers_challenge/install/cvengers_challenge/share/cvengers_challenge/package.sh'
[5.535s] INFO:colcon.colcon_core.shell:Creating package script '/home/lzs/CVengers_challenge/install/cvengers_challenge/share/cvengers_challenge/package.bash'
[5.535s] INFO:colcon.colcon_core.shell:Creating package script '/home/lzs/CVengers_challenge/install/cvengers_challenge/share/cvengers_challenge/package.zsh'
[5.535s] Level 1:colcon.colcon_core.environment:create_file_with_runtime_dependencies(/home/lzs/CVengers_challenge/install/cvengers_challenge/share/colcon-core/packages/cvengers_challenge)
[5.535s] DEBUG:colcon.colcon_parallel_executor.executor.parallel:closing loop
[5.535s] DEBUG:colcon.colcon_parallel_executor.executor.parallel:loop closed
[5.535s] DEBUG:colcon.colcon_parallel_executor.executor.parallel:run_until_complete finished with '0'
[5.535s] DEBUG:colcon.colcon_core.event_reactor:joining thread
[5.538s] INFO:colcon.colcon_core.plugin_system:Skipping extension 'colcon_notification.desktop_notification.terminal_notifier': Not used on non-Darwin systems
[5.538s] INFO:colcon.colcon_core.plugin_system:Skipping extension 'colcon_notification.desktop_notification.win32': Not used on non-Windows systems
[5.538s] INFO:colcon.colcon_notification.desktop_notification:Sending desktop notification using 'notify2'
[5.545s] DEBUG:colcon.colcon_core.event_reactor:joined thread
[5.546s] INFO:colcon.colcon_core.shell:Creating prefix script '/home/lzs/CVengers_challenge/install/local_setup.ps1'
[5.546s] INFO:colcon.colcon_core.shell:Creating prefix util module '/home/lzs/CVengers_challenge/install/_local_setup_util_ps1.py'
[5.547s] INFO:colcon.colcon_core.shell:Creating prefix chain script '/home/lzs/CVengers_challenge/install/setup.ps1'
[5.547s] INFO:colcon.colcon_core.shell:Creating prefix script '/home/lzs/CVengers_challenge/install/local_setup.sh'
[5.547s] INFO:colcon.colcon_core.shell:Creating prefix util module '/home/lzs/CVengers_challenge/install/_local_setup_util_sh.py'
[5.548s] INFO:colcon.colcon_core.shell:Creating prefix chain script '/home/lzs/CVengers_challenge/install/setup.sh'
[5.548s] INFO:colcon.colcon_core.shell:Creating prefix script '/home/lzs/CVengers_challenge/install/local_setup.bash'
[5.548s] INFO:colcon.colcon_core.shell:Creating prefix chain script '/home/lzs/CVengers_challenge/install/setup.bash'
[5.549s] INFO:colcon.colcon_core.shell:Creating prefix script '/home/lzs/CVengers_challenge/install/local_setup.zsh'
[5.549s] INFO:colcon.colcon_core.shell:Creating prefix chain script '/home/lzs/CVengers_challenge/install/setup.zsh'
