[0.006s] Invoking command in '/home/lzs/CVengers_challenge/build/cvengers_challenge': CMAKE_PREFIX_PATH=${CMAKE_PREFIX_PATH}:/opt/ros/humble /usr/bin/cmake --build /home/lzs/CVengers_challenge/build/cvengers_challenge -- -j24 -l24
[0.046s] [ 14%] [32mBuilding CXX object CMakeFiles/train_digit_model.dir/src/train_digit_model.cpp.o[0m
[0.046s] [ 28%] [32mBuilding CXX object CMakeFiles/train_digit_model.dir/src/src/mlp_trainer.cpp.o[0m
[0.048s] [ 85%] Built target armor_node
[1.630s] [01m[K/home/lzs/CVengers_challenge/src/src/mlp_trainer.cpp:[m[K In member function ‘[01m[Kvoid MLPTrainer::debugDataSample()[m[K’:
[1.630s] [01m[K/home/lzs/CVengers_challenge/src/src/mlp_trainer.cpp:199:15:[m[K [01;31m[Kerror: [m[Kredeclaration of ‘[01m[Kcv::Point max_loc[m[K’
[1.630s]   199 |     cv::Point [01;31m[Kmax_loc[m[K;
[1.630s]       |               [01;31m[K^~~~~~~[m[K
[1.630s] [01m[K/home/lzs/CVengers_challenge/src/src/mlp_trainer.cpp:189:24:[m[K [01;36m[Knote: [m[K‘[01m[Kcv::Point max_loc[m[K’ previously declared here
[1.630s]   189 |     cv::Point min_loc, [01;36m[Kmax_loc[m[K;
[1.630s]       |                        [01;36m[K^~~~~~~[m[K
[1.632s] [01m[K/home/lzs/CVengers_challenge/src/src/mlp_trainer.cpp:[m[K In member function ‘[01m[Kbool MLPTrainer::trainModel(int, int, double)[m[K’:
[1.632s] [01m[K/home/lzs/CVengers_challenge/src/src/mlp_trainer.cpp:210:56:[m[K [01;35m[Kwarning: [m[Kunused parameter ‘[01m[Kmax_epochs[m[K’ [[01;35m[K]8;;https://gcc.gnu.org/onlinedocs/gcc/Warning-Options.html#index-Wunused-parameter-Wunused-parameter]8;;[m[K]
[1.632s]   210 | bool MLPTrainer::trainModel(int hidden_layer_size, [01;35m[Kint max_epochs[m[K, double learning_rate) {
[1.632s]       |                                                    [01;35m[K~~~~^~~~~~~~~~[m[K
[1.632s] [01m[K/home/lzs/CVengers_challenge/src/src/mlp_trainer.cpp:210:75:[m[K [01;35m[Kwarning: [m[Kunused parameter ‘[01m[Klearning_rate[m[K’ [[01;35m[K]8;;https://gcc.gnu.org/onlinedocs/gcc/Warning-Options.html#index-Wunused-parameter-Wunused-parameter]8;;[m[K]
[1.632s]   210 | bool MLPTrainer::trainModel(int hidden_layer_size, int max_epochs, [01;35m[Kdouble learning_rate[m[K) {
[1.632s]       |                                                                    [01;35m[K~~~~~~~^~~~~~~~~~~~~[m[K
[2.021s] gmake[2]: *** [CMakeFiles/train_digit_model.dir/build.make:90：CMakeFiles/train_digit_model.dir/src/src/mlp_trainer.cpp.o] 错误 1
[2.022s] gmake[1]: *** [CMakeFiles/Makefile2:165：CMakeFiles/train_digit_model.dir/all] 错误 2
[2.022s] gmake: *** [Makefile:146：all] 错误 2
[2.025s] Invoked command in '/home/lzs/CVengers_challenge/build/cvengers_challenge' returned '2': CMAKE_PREFIX_PATH=${CMAKE_PREFIX_PATH}:/opt/ros/humble /usr/bin/cmake --build /home/lzs/CVengers_challenge/build/cvengers_challenge -- -j24 -l24
