[0.005s] Invoking command in '/home/lzs/CVengers_challenge/build/cvengers_challenge': CMAKE_PREFIX_PATH=${CMAKE_PREFIX_PATH}:/opt/ros/humble /usr/bin/cmake /home/lzs/CVengers_challenge -DLIBTORCH_HOME=/home/lzs/Vision_Arena_2025/libtorch -DTorch_DIR=/home/lzs/Vision_Arena_2025/libtorch/share/cmake/Torch -DCMAKE_INSTALL_PREFIX=/home/lzs/CVengers_challenge/install/cvengers_challenge
[0.012s] -- Found ament_cmake: 1.3.12 (/opt/ros/humble/share/ament_cmake/cmake)
[0.076s] -- Found rclcpp: 16.0.16 (/opt/ros/humble/share/rclcpp/cmake)
[0.088s] -- Found rosidl_generator_c: 3.1.7 (/opt/ros/humble/share/rosidl_generator_c/cmake)
[0.089s] -- Found rosidl_adapter: 3.1.7 (/opt/ros/humble/share/rosidl_adapter/cmake)
[0.091s] -- Found rosidl_generator_cpp: 3.1.7 (/opt/ros/humble/share/rosidl_generator_cpp/cmake)
[0.095s] -- Using all available rosidl_typesupport_c: rosidl_typesupport_fastrtps_c;rosidl_typesupport_introspection_c
[0.100s] -- Using all available rosidl_typesupport_cpp: rosidl_typesupport_fastrtps_cpp;rosidl_typesupport_introspection_cpp
[0.119s] -- Found rmw_implementation_cmake: 6.1.2 (/opt/ros/humble/share/rmw_implementation_cmake/cmake)
[0.119s] -- Found rmw_fastrtps_cpp: 6.2.9 (/opt/ros/humble/share/rmw_fastrtps_cpp/cmake)
[0.171s] -- Using RMW implementation 'rmw_fastrtps_cpp' as default
[0.192s] -- Found sensor_msgs: 4.9.0 (/opt/ros/humble/share/sensor_msgs/cmake)
[0.201s] -- Found cv_bridge: 3.2.1 (/opt/ros/humble/share/cv_bridge/cmake)
[0.205s] -- Found image_transport: 3.1.12 (/opt/ros/humble/share/image_transport/cmake)
[0.215s] -- Found pose_msg: 0.0.0 (/home/lzs/Vision_Arena_2025/install/pose_msg/share/pose_msg/cmake)
[0.221s] -- Found referee_pkg: 0.0.0 (/home/lzs/Vision_Arena_2025/install/referee_pkg/share/referee_pkg/cmake)
[0.226s] -- Found armor_recognition_interfaces: 1.0.0 (/home/lzs/Vision_Arena_2025/install/armor_recognition_interfaces/share/armor_recognition_interfaces/cmake)
[0.244s] -- LibTorch found at: /home/lzs/Vision_Arena_2025/libtorch
[0.274s] -- Configuring done
[0.286s] -- Generating done
[0.289s] -- Build files have been written to: /home/lzs/CVengers_challenge/build/cvengers_challenge
[0.295s] Invoked command in '/home/lzs/CVengers_challenge/build/cvengers_challenge' returned '0': CMAKE_PREFIX_PATH=${CMAKE_PREFIX_PATH}:/opt/ros/humble /usr/bin/cmake /home/lzs/CVengers_challenge -DLIBTORCH_HOME=/home/lzs/Vision_Arena_2025/libtorch -DTorch_DIR=/home/lzs/Vision_Arena_2025/libtorch/share/cmake/Torch -DCMAKE_INSTALL_PREFIX=/home/lzs/CVengers_challenge/install/cvengers_challenge
[0.296s] Invoking command in '/home/lzs/CVengers_challenge/build/cvengers_challenge': CMAKE_PREFIX_PATH=${CMAKE_PREFIX_PATH}:/opt/ros/humble /usr/bin/cmake --build /home/lzs/CVengers_challenge/build/cvengers_challenge -- -j24 -l24
[0.329s] [35m[1mConsolidate compiler generated dependencies of target armor_node[0m
[0.332s] [ 16%] [32mBuilding CXX object CMakeFiles/train_digit_model_cpp.dir/src/train_digit_model_libtorch.cpp.o[0m
[0.345s] [ 33%] [32mBuilding CXX object CMakeFiles/armor_node.dir/src/src/armor_detector.cpp.o[0m
[0.347s] [ 66%] [32mBuilding CXX object CMakeFiles/armor_node.dir/src/vision_node.cpp.o[0m
[0.347s] [ 66%] [32mBuilding CXX object CMakeFiles/armor_node.dir/src/src/image_processor.cpp.o[0m
[4.423s] [01m[K/home/lzs/CVengers_challenge/src/train_digit_model_libtorch.cpp:[m[K In function ‘[01m[Kint main(int, char**)[m[K’:
[4.423s] [01m[K/home/lzs/CVengers_challenge/src/train_digit_model_libtorch.cpp:225:14:[m[K [01;35m[Kwarning: [m[Kunused parameter ‘[01m[Kargc[m[K’ [[01;35m[K]8;;https://gcc.gnu.org/onlinedocs/gcc/Warning-Options.html#index-Wunused-parameter-Wunused-parameter]8;;[m[K]
[4.423s]   225 | int main([01;35m[Kint argc[m[K, char** argv) {
[4.423s]       |          [01;35m[K~~~~^~~~[m[K
[4.423s] [01m[K/home/lzs/CVengers_challenge/src/train_digit_model_libtorch.cpp:225:27:[m[K [01;35m[Kwarning: [m[Kunused parameter ‘[01m[Kargv[m[K’ [[01;35m[K]8;;https://gcc.gnu.org/onlinedocs/gcc/Warning-Options.html#index-Wunused-parameter-Wunused-parameter]8;;[m[K]
[4.423s]   225 | int main(int argc, [01;35m[Kchar** argv[m[K) {
[4.423s]       |                    [01;35m[K~~~~~~~^~~~[m[K
[4.610s] [ 83%] [32m[1mLinking CXX executable armor_node[0m
[5.104s] [ 83%] Built target armor_node
[7.636s] [100%] [32m[1mLinking CXX executable train_digit_model_cpp[0m
[8.046s] [100%] Built target train_digit_model_cpp
[8.054s] Invoked command in '/home/lzs/CVengers_challenge/build/cvengers_challenge' returned '0': CMAKE_PREFIX_PATH=${CMAKE_PREFIX_PATH}:/opt/ros/humble /usr/bin/cmake --build /home/lzs/CVengers_challenge/build/cvengers_challenge -- -j24 -l24
[8.062s] Invoking command in '/home/lzs/CVengers_challenge/build/cvengers_challenge': CMAKE_PREFIX_PATH=${CMAKE_PREFIX_PATH}:/opt/ros/humble /usr/bin/cmake --install /home/lzs/CVengers_challenge/build/cvengers_challenge
[8.064s] -- Install configuration: ""
[8.066s] -- Installing: /home/lzs/CVengers_challenge/install/cvengers_challenge/lib/cvengers_challenge/armor_node
[8.066s] -- Set runtime path of "/home/lzs/CVengers_challenge/install/cvengers_challenge/lib/cvengers_challenge/armor_node" to ""
[8.066s] -- Installing: /home/lzs/CVengers_challenge/install/cvengers_challenge/lib/cvengers_challenge/train_digit_model_cpp
[8.067s] -- Set runtime path of "/home/lzs/CVengers_challenge/install/cvengers_challenge/lib/cvengers_challenge/train_digit_model_cpp" to ""
[8.067s] -- Up-to-date: /home/lzs/CVengers_challenge/install/cvengers_challenge/share/cvengers_challenge/launch/launch
[8.067s] -- Up-to-date: /home/lzs/CVengers_challenge/install/cvengers_challenge/share/cvengers_challenge/launch/launch/shooter.launch.py
[8.067s] -- Up-to-date: /home/lzs/CVengers_challenge/install/cvengers_challenge/share/cvengers_challenge/launch/launch/vision.launch.py
[8.067s] -- Up-to-date: /home/lzs/CVengers_challenge/install/cvengers_challenge/share/cvengers_challenge/config
[8.067s] -- Up-to-date: /home/lzs/CVengers_challenge/install/cvengers_challenge/share/cvengers_challenge/config/params.yaml
[8.067s] -- Up-to-date: /home/lzs/CVengers_challenge/install/cvengers_challenge/share/ament_index/resource_index/package_run_dependencies/cvengers_challenge
[8.067s] -- Up-to-date: /home/lzs/CVengers_challenge/install/cvengers_challenge/share/ament_index/resource_index/parent_prefix_path/cvengers_challenge
[8.067s] -- Up-to-date: /home/lzs/CVengers_challenge/install/cvengers_challenge/share/cvengers_challenge/environment/ament_prefix_path.sh
[8.067s] -- Installing: /home/lzs/CVengers_challenge/install/cvengers_challenge/share/cvengers_challenge/environment/ament_prefix_path.dsv
[8.067s] -- Up-to-date: /home/lzs/CVengers_challenge/install/cvengers_challenge/share/cvengers_challenge/environment/path.sh
[8.067s] -- Installing: /home/lzs/CVengers_challenge/install/cvengers_challenge/share/cvengers_challenge/environment/path.dsv
[8.068s] -- Up-to-date: /home/lzs/CVengers_challenge/install/cvengers_challenge/share/cvengers_challenge/local_setup.bash
[8.068s] -- Up-to-date: /home/lzs/CVengers_challenge/install/cvengers_challenge/share/cvengers_challenge/local_setup.sh
[8.068s] -- Up-to-date: /home/lzs/CVengers_challenge/install/cvengers_challenge/share/cvengers_challenge/local_setup.zsh
[8.068s] -- Installing: /home/lzs/CVengers_challenge/install/cvengers_challenge/share/cvengers_challenge/local_setup.dsv
[8.068s] -- Installing: /home/lzs/CVengers_challenge/install/cvengers_challenge/share/cvengers_challenge/package.dsv
[8.068s] -- Up-to-date: /home/lzs/CVengers_challenge/install/cvengers_challenge/share/ament_index/resource_index/packages/cvengers_challenge
[8.068s] -- Up-to-date: /home/lzs/CVengers_challenge/install/cvengers_challenge/share/cvengers_challenge/cmake/ament_cmake_export_dependencies-extras.cmake
[8.068s] -- Up-to-date: /home/lzs/CVengers_challenge/install/cvengers_challenge/share/cvengers_challenge/cmake/cvengers_challengeConfig.cmake
[8.068s] -- Up-to-date: /home/lzs/CVengers_challenge/install/cvengers_challenge/share/cvengers_challenge/cmake/cvengers_challengeConfig-version.cmake
[8.068s] -- Up-to-date: /home/lzs/CVengers_challenge/install/cvengers_challenge/share/cvengers_challenge/package.xml
[8.069s] Invoked command in '/home/lzs/CVengers_challenge/build/cvengers_challenge' returned '0': CMAKE_PREFIX_PATH=${CMAKE_PREFIX_PATH}:/opt/ros/humble /usr/bin/cmake --install /home/lzs/CVengers_challenge/build/cvengers_challenge
