[0.006s] Invoking command in '/home/lzs/CVengers_challenge/build/cvengers_challenge': CMAKE_PREFIX_PATH=${CMAKE_PREFIX_PATH}:/opt/ros/humble /usr/bin/cmake /home/lzs/CVengers_challenge -DLIBTORCH_HOME=/home/lzs/Vision_Arena_2025/libtorch -DTorch_DIR=/home/lzs/Vision_Arena_2025/libtorch/share/cmake/Torch -DCMAKE_INSTALL_PREFIX=/home/lzs/CVengers_challenge/install/cvengers_challenge
[0.013s] -- Found ament_cmake: 1.3.12 (/opt/ros/humble/share/ament_cmake/cmake)
[0.076s] -- Found rclcpp: 16.0.16 (/opt/ros/humble/share/rclcpp/cmake)
[0.089s] -- Found rosidl_generator_c: 3.1.7 (/opt/ros/humble/share/rosidl_generator_c/cmake)
[0.091s] -- Found rosidl_adapter: 3.1.7 (/opt/ros/humble/share/rosidl_adapter/cmake)
[0.093s] -- Found rosidl_generator_cpp: 3.1.7 (/opt/ros/humble/share/rosidl_generator_cpp/cmake)
[0.096s] -- Using all available rosidl_typesupport_c: rosidl_typesupport_fastrtps_c;rosidl_typesupport_introspection_c
[0.100s] -- Using all available rosidl_typesupport_cpp: rosidl_typesupport_fastrtps_cpp;rosidl_typesupport_introspection_cpp
[0.113s] -- Found rmw_implementation_cmake: 6.1.2 (/opt/ros/humble/share/rmw_implementation_cmake/cmake)
[0.114s] -- Found rmw_fastrtps_cpp: 6.2.9 (/opt/ros/humble/share/rmw_fastrtps_cpp/cmake)
[0.175s] -- Using RMW implementation 'rmw_fastrtps_cpp' as default
[0.196s] -- Found sensor_msgs: 4.9.0 (/opt/ros/humble/share/sensor_msgs/cmake)
[0.208s] -- Found cv_bridge: 3.2.1 (/opt/ros/humble/share/cv_bridge/cmake)
[0.212s] -- Found image_transport: 3.1.12 (/opt/ros/humble/share/image_transport/cmake)
[0.223s] -- Found pose_msg: 0.0.0 (/home/lzs/Vision_Arena_2025/install/pose_msg/share/pose_msg/cmake)
[0.229s] -- Found referee_pkg: 0.0.0 (/home/lzs/Vision_Arena_2025/install/referee_pkg/share/referee_pkg/cmake)
[0.236s] -- Found armor_recognition_interfaces: 1.0.0 (/home/lzs/Vision_Arena_2025/install/armor_recognition_interfaces/share/armor_recognition_interfaces/cmake)
[0.254s] -- LibTorch found at: /home/lzs/Vision_Arena_2025/libtorch
[0.291s] -- Configuring done
[0.293s] [31mCMake Error at CMakeLists.txt:50 (add_executable):
[0.293s]   Cannot find source file:
[0.293s] 
[0.293s]     src/src/digit_recognizer.cpp
[0.293s] 
[0.293s]   Tried extensions .c .C .c++ .cc .cpp .cxx .cu .mpp .m .M .mm .ixx .cppm .h
[0.293s]   .hh .h++ .hm .hpp .hxx .in .txx .f .F .for .f77 .f90 .f95 .f03 .hip .ispc
[0.293s] 
[0.293s] [0m
[0.294s] [31mCMake Error at CMakeLists.txt:50 (add_executable):
[0.294s]   No SOURCES given to target: armor_node
[0.294s] 
[0.294s] [0m
[0.294s] [0mCMake Generate step failed.  Build files cannot be regenerated correctly.[0m
[0.300s] Invoked command in '/home/lzs/CVengers_challenge/build/cvengers_challenge' returned '1': CMAKE_PREFIX_PATH=${CMAKE_PREFIX_PATH}:/opt/ros/humble /usr/bin/cmake /home/lzs/CVengers_challenge -DLIBTORCH_HOME=/home/lzs/Vision_Arena_2025/libtorch -DTorch_DIR=/home/lzs/Vision_Arena_2025/libtorch/share/cmake/Torch -DCMAKE_INSTALL_PREFIX=/home/lzs/CVengers_challenge/install/cvengers_challenge
